Added Component: Designator=P3(2x9_2.54mm pitch_header)
Add component. Clean all parameters for all variants
Add component (AddParameter): Name = "LatestRevisionDate"; Value = "17-Jul-2002"; VariantName = "[No Variations]"
Add component (AddParameter): Name = "LatestRevisionNote"; Value = "Re-released for DXP Platform."; VariantName = "[No Variations]"
Add component (AddParameter): Name = "Publisher"; Value = "Altium Limited"; VariantName = "[No Variations]"
Added Component: Designator=P4(2x9_2.54mm pitch_header)
Add component. Clean all parameters for all variants
Add component (AddParameter): Name = "LatestRevisionDate"; Value = "17-Jul-2002"; VariantName = "[No Variations]"
Add component (AddParameter): Name = "LatestRevisionNote"; Value = "Re-released for DXP Platform."; VariantName = "[No Variations]"
Add component (AddParameter): Name = "Publisher"; Value = "Altium Limited"; VariantName = "[No Variations]"
Added Pin To Net: NetName=IOB_37A Pin=P3-1
Added Pin To Net: NetName=IOB_48B Pin=P3-2
Added Pin To Net: NetName=IOB_36B Pin=P3-3
Added Pin To Net: NetName=IOB_51A Pin=P3-4
Added Pin To Net: NetName=IOB_39A Pin=P3-5
Added Pin To Net: NetName=IOB_50B Pin=P3-6
Added Pin To Net: NetName=IOB_38B Pin=P3-7
Added Pin To Net: NetName=IOB_41A Pin=P3-8
Added Pin To Net: NetName=IOB_43A Pin=P3-9
Added Pin To Net: NetName=IOB_8A Pin=P3-10
Added Pin To Net: NetName=IOB_42B Pin=P3-11
Added Pin To Net: NetName=IOB_9B Pin=P3-12
Added Pin To Net: NetName=IOB_45A_G1 Pin=P3-13
Added Pin To Net: NetName=+1.2V Pin=P3-14
Added Pin To Net: NetName=IOB_44B Pin=P3-15
Added Pin To Net: NetName=3V3 Pin=P3-16
Added Pin To Net: NetName=IOB_49A Pin=P3-17
Added Pin To Net: NetName=GND Pin=P3-18
Added Pin To Net: NetName=IOB_22A Pin=P4-1
Added Pin To Net: NetName=IOB_13B Pin=P4-2
Added Pin To Net: NetName=IOB_23B Pin=P4-3
Added Pin To Net: NetName=IOB_4A Pin=P4-4
Added Pin To Net: NetName=IOB_24A Pin=P4-5
Added Pin To Net: NetName=IOB_5B Pin=P4-6
Added Pin To Net: NetName=IOB_24A Pin=P4-7
Added Pin To Net: NetName=IOB_2A Pin=P4-8
Added Pin To Net: NetName=IOB_29B Pin=P4-9
Added Pin To Net: NetName=IOB_3B_G6 Pin=P4-10
Added Pin To Net: NetName=IOB_31B Pin=P4-11
Added Pin To Net: NetName=IOB_0A Pin=P4-12
Added Pin To Net: NetName=IOB_20A Pin=P4-13
Added Pin To Net: NetName=IOB_6A Pin=P4-14
Added Pin To Net: NetName=IOB_18A Pin=P4-15
Added Pin To Net: NetName=3V3 Pin=P4-16
Added Pin To Net: NetName=IOB_16A Pin=P4-17
Added Pin To Net: NetName=GND Pin=P4-18
Added Member To Class: ClassName=Sheet1-edgy Member=Component P3 GPIO
Added Member To Class: ClassName=Sheet1-edgy Member=Component P4 GPIO
